<?xml version="1.0" encoding="UTF-8"?>
<robot generator="Robot 6.1 (Python 3.11.4 on win32)" generated="20240101 16:08:23.771" rpa="false" schemaversion="4">
<suite id="s1" name="Test cases" source="d:\CMP_CORE\Tests\Test_cases.robot">
<test id="s1-t1" name="Create mass Enrollment" line="22">
<kw name="login by admin" library="core">
<kw name="Open Browser" library="SeleniumLibrary">
<arg>https://cmp.medadstg.com/login</arg>
<arg>chrome</arg>
<doc>Opens a new browser instance to the optional ``url``.</doc>
<msg timestamp="20240101 16:08:24.585" level="INFO">Opening browser 'chrome' to base url 'https://cmp.medadstg.com/login'.</msg>
<status status="PASS" starttime="20240101 16:08:24.585" endtime="20240101 16:08:29.986"/>
</kw>
<kw name="Maximize Browser Window" library="SeleniumLibrary">
<doc>Maximizes current browser window.</doc>
<status status="PASS" starttime="20240101 16:08:29.986" endtime="20240101 16:08:30.134"/>
</kw>
<kw name="Wait Until Page Contains Element" library="SeleniumLibrary">
<arg>//input[@name="username"]</arg>
<arg>timeout=10s</arg>
<doc>Waits until the element ``locator`` appears on the current page.</doc>
<status status="PASS" starttime="20240101 16:08:30.134" endtime="20240101 16:08:30.160"/>
</kw>
<kw name="Input Text" library="SeleniumLibrary">
<arg>${username}</arg>
<arg>${username_value}</arg>
<doc>Types the given ``text`` into the text field identified by ``locator``.</doc>
<msg timestamp="20240101 16:08:30.160" level="INFO">Typing text 'administrator' into text field '//input[@name='username']'.</msg>
<status status="PASS" starttime="20240101 16:08:30.160" endtime="20240101 16:08:30.597"/>
</kw>
<kw name="Sleep" library="BuiltIn">
<arg>1</arg>
<doc>Pauses the test executed for the given time.</doc>
<msg timestamp="20240101 16:08:31.598" level="INFO">Slept 1 second</msg>
<status status="PASS" starttime="20240101 16:08:30.597" endtime="20240101 16:08:31.598"/>
</kw>
<kw name="Input Text" library="SeleniumLibrary">
<arg>${password}</arg>
<arg>${password_value}</arg>
<doc>Types the given ``text`` into the text field identified by ``locator``.</doc>
<msg timestamp="20240101 16:08:31.598" level="INFO">Typing text 'Medad@123' into text field '//input[@name='password']'.</msg>
<status status="PASS" starttime="20240101 16:08:31.598" endtime="20240101 16:08:31.941"/>
</kw>
<kw name="Sleep" library="BuiltIn">
<arg>1</arg>
<doc>Pauses the test executed for the given time.</doc>
<msg timestamp="20240101 16:08:32.941" level="INFO">Slept 1 second</msg>
<status status="PASS" starttime="20240101 16:08:31.941" endtime="20240101 16:08:32.941"/>
</kw>
<kw name="Wait Until Page Contains Element" library="SeleniumLibrary">
<arg>${submit_button}</arg>
<arg>timeout=15s</arg>
<doc>Waits until the element ``locator`` appears on the current page.</doc>
<status status="PASS" starttime="20240101 16:08:32.941" endtime="20240101 16:08:32.969"/>
</kw>
<kw name="Click Element" library="SeleniumLibrary">
<arg>${submit_button}</arg>
<doc>Click the element identified by ``locator``.</doc>
<msg timestamp="20240101 16:08:32.969" level="INFO">Clicking element '//button[normalize-space()='login']'.</msg>
<status status="PASS" starttime="20240101 16:08:32.969" endtime="20240101 16:08:33.121"/>
</kw>
<kw name="Wait Until Page Contains Element" library="SeleniumLibrary">
<arg>${avatar_Element}</arg>
<arg>timeout=15s</arg>
<doc>Waits until the element ``locator`` appears on the current page.</doc>
<status status="PASS" starttime="20240101 16:08:33.123" endtime="20240101 16:08:39.773"/>
</kw>
<status status="PASS" starttime="20240101 16:08:24.585" endtime="20240101 16:08:39.773"/>
</kw>
<kw name="select Enrollment tap" library="core">
<kw name="Wait Until Page Contains Element" library="SeleniumLibrary">
<arg>${enrollment_Element}</arg>
<doc>Waits until the element ``locator`` appears on the current page.</doc>
<status status="PASS" starttime="20240101 16:08:39.777" endtime="20240101 16:08:42.462"/>
</kw>
<kw name="Sleep" library="BuiltIn">
<arg>2</arg>
<doc>Pauses the test executed for the given time.</doc>
<msg timestamp="20240101 16:08:44.463" level="INFO">Slept 2 seconds</msg>
<status status="PASS" starttime="20240101 16:08:42.462" endtime="20240101 16:08:44.463"/>
</kw>
<kw name="Click Element" library="SeleniumLibrary">
<arg>${enrollment_Element}</arg>
<doc>Click the element identified by ``locator``.</doc>
<msg timestamp="20240101 16:08:44.463" level="INFO">Clicking element '//a[@href='/app/enrollment']'.</msg>
<status status="PASS" starttime="20240101 16:08:44.463" endtime="20240101 16:08:44.618"/>
</kw>
<status status="PASS" starttime="20240101 16:08:39.776" endtime="20240101 16:08:44.618"/>
</kw>
<kw name="select mass Enrollment doctype" library="core">
<kw name="Wait Until Page Contains Element" library="SeleniumLibrary">
<arg>${mass_enrollment_element}</arg>
<doc>Waits until the element ``locator`` appears on the current page.</doc>
<status status="PASS" starttime="20240101 16:08:44.623" endtime="20240101 16:08:44.880"/>
</kw>
<kw name="Sleep" library="BuiltIn">
<arg>2</arg>
<doc>Pauses the test executed for the given time.</doc>
<msg timestamp="20240101 16:08:46.881" level="INFO">Slept 2 seconds</msg>
<status status="PASS" starttime="20240101 16:08:44.880" endtime="20240101 16:08:46.881"/>
</kw>
<kw name="Click Element" library="SeleniumLibrary">
<arg>${mass_enrollment_element}</arg>
<doc>Click the element identified by ``locator``.</doc>
<msg timestamp="20240101 16:08:46.882" level="INFO">Clicking element '//span[normalize-space()='Mass Enrollments']'.</msg>
<status status="PASS" starttime="20240101 16:08:46.881" endtime="20240101 16:08:46.991"/>
</kw>
<status status="PASS" starttime="20240101 16:08:44.621" endtime="20240101 16:08:46.992"/>
</kw>
<kw name="press add New Mass Enrollment button" library="core">
<kw name="Wait Until Page Contains Element" library="SeleniumLibrary">
<arg>${New_Mass_Enrollment_button}</arg>
<arg>10s</arg>
<doc>Waits until the element ``locator`` appears on the current page.</doc>
<status status="PASS" starttime="20240101 16:08:46.996" endtime="20240101 16:08:47.698"/>
</kw>
<kw name="Sleep" library="BuiltIn">
<arg>1</arg>
<doc>Pauses the test executed for the given time.</doc>
<msg timestamp="20240101 16:08:48.699" level="INFO">Slept 1 second</msg>
<status status="PASS" starttime="20240101 16:08:47.698" endtime="20240101 16:08:48.699"/>
</kw>
<kw name="Click Element" library="SeleniumLibrary">
<arg>${New_Mass_Enrollment_button}</arg>
<doc>Click the element identified by ``locator``.</doc>
<msg timestamp="20240101 16:08:48.700" level="INFO">Clicking element '//span[@data-label='Add%20Mass%20Enrollment']'.</msg>
<status status="PASS" starttime="20240101 16:08:48.699" endtime="20240101 16:08:49.012"/>
</kw>
<status status="PASS" starttime="20240101 16:08:46.995" endtime="20240101 16:08:49.012"/>
</kw>
<kw name="fill mass Enrollment forme" library="core">
<kw name="Wait Until Page Contains Element" library="SeleniumLibrary">
<arg>${Academic_Term_fieldname}</arg>
<arg>10s</arg>
<doc>Waits until the element ``locator`` appears on the current page.</doc>
<status status="PASS" starttime="20240101 16:08:49.016" endtime="20240101 16:08:49.054"/>
</kw>
<kw name="Click Element" library="SeleniumLibrary">
<arg>${Academic_Term_fieldname}</arg>
<doc>Click the element identified by ``locator``.</doc>
<msg timestamp="20240101 16:08:49.056" level="INFO">Clicking element '//input[@class='input-with-feedback form-control bold']'.</msg>
<status status="PASS" starttime="20240101 16:08:49.055" endtime="20240101 16:08:49.178"/>
</kw>
<kw name="Wait Until Page Contains Element" library="SeleniumLibrary">
<arg>${Academic_Term_fieldname_doctype}</arg>
<arg>10s</arg>
<doc>Waits until the element ``locator`` appears on the current page.</doc>
<status status="PASS" starttime="20240101 16:08:49.178" endtime="20240101 16:08:50.530"/>
</kw>
<kw name="Sleep" library="BuiltIn">
<arg>1</arg>
<doc>Pauses the test executed for the given time.</doc>
<msg timestamp="20240101 16:08:51.531" level="INFO">Slept 1 second</msg>
<status status="PASS" starttime="20240101 16:08:50.530" endtime="20240101 16:08:51.531"/>
</kw>
<kw name="Click Element" library="SeleniumLibrary">
<arg>${Academic_Term_fieldname_doctype}</arg>
<doc>Click the element identified by ``locator``.</doc>
<msg timestamp="20240101 16:08:51.531" level="INFO">Clicking element '//p[@title='20241']'.</msg>
<status status="PASS" starttime="20240101 16:08:51.531" endtime="20240101 16:08:51.698"/>
</kw>
<kw name="Click Element" library="SeleniumLibrary">
<arg>${Add_Row}</arg>
<doc>Click the element identified by ``locator``.</doc>
<msg timestamp="20240101 16:08:51.698" level="INFO">Clicking element '//label[normalize-space()='Students List']//following::button[normalize-space()='Add Row'][1]'.</msg>
<status status="PASS" starttime="20240101 16:08:51.698" endtime="20240101 16:08:51.803"/>
</kw>
<kw name="Wait Until Page Contains Element" library="SeleniumLibrary">
<arg>${select_student}</arg>
<doc>Waits until the element ``locator`` appears on the current page.</doc>
<status status="PASS" starttime="20240101 16:08:51.804" endtime="20240101 16:08:51.835"/>
</kw>
<kw name="Sleep" library="BuiltIn">
<arg>1</arg>
<doc>Pauses the test executed for the given time.</doc>
<msg timestamp="20240101 16:08:52.837" level="INFO">Slept 1 second</msg>
<status status="PASS" starttime="20240101 16:08:51.835" endtime="20240101 16:08:52.837"/>
</kw>
<kw name="Click Element" library="SeleniumLibrary">
<arg>${select_student}</arg>
<doc>Click the element identified by ``locator``.</doc>
<msg timestamp="20240101 16:08:52.837" level="INFO">Clicking element '(//input[@class='grid-row-check'])[3]'.</msg>
<status status="PASS" starttime="20240101 16:08:52.837" endtime="20240101 16:08:52.981"/>
</kw>
<kw name="Wait Until Page Contains Element" library="SeleniumLibrary">
<arg>(//div[@data-fieldname="student_id"])[2]</arg>
<doc>Waits until the element ``locator`` appears on the current page.</doc>
<status status="PASS" starttime="20240101 16:08:52.981" endtime="20240101 16:08:53.020"/>
</kw>
<kw name="Click Element" library="SeleniumLibrary">
<arg>(//div[@data-fieldname="student_id"])[2]</arg>
<doc>Click the element identified by ``locator``.</doc>
<msg timestamp="20240101 16:08:53.020" level="INFO">Clicking element '(//div[@data-fieldname="student_id"])[2]'.</msg>
<status status="PASS" starttime="20240101 16:08:53.020" endtime="20240101 16:08:53.221"/>
</kw>
<kw name="Wait Until Page Contains Element" library="SeleniumLibrary">
<arg>//input[@data-fieldname='student_id']</arg>
<doc>Waits until the element ``locator`` appears on the current page.</doc>
<status status="PASS" starttime="20240101 16:08:53.222" endtime="20240101 16:08:53.253"/>
</kw>
<kw name="Input Text" library="SeleniumLibrary">
<arg>//input[@data-fieldname='student_id']</arg>
<arg>S-2023-00199</arg>
<doc>Types the given ``text`` into the text field identified by ``locator``.</doc>
<msg timestamp="20240101 16:08:53.253" level="INFO">Typing text 'S-2023-00199' into text field '//input[@data-fieldname='student_id']'.</msg>
<status status="PASS" starttime="20240101 16:08:53.253" endtime="20240101 16:08:53.422"/>
</kw>
<kw name="Wait Until Page Contains Element" library="SeleniumLibrary">
<arg>${student_id}</arg>
<doc>Waits until the element ``locator`` appears on the current page.</doc>
<status status="PASS" starttime="20240101 16:08:53.422" endtime="20240101 16:08:54.330"/>
</kw>
<kw name="Click Element" library="SeleniumLibrary">
<arg>${student_id}</arg>
<doc>Click the element identified by ``locator``.</doc>
<msg timestamp="20240101 16:08:54.330" level="INFO">Clicking element '//p[@title='S-2023-00199']'.</msg>
<status status="PASS" starttime="20240101 16:08:54.330" endtime="20240101 16:08:54.449"/>
</kw>
<kw name="Click Element" library="SeleniumLibrary">
<arg>${action_fieldname}</arg>
<doc>Click the element identified by ``locator``.</doc>
<msg timestamp="20240101 16:08:54.449" level="INFO">Clicking element '//select[@type='text' and @data-fieldname='action']'.</msg>
<status status="PASS" starttime="20240101 16:08:54.449" endtime="20240101 16:08:54.629"/>
</kw>
<kw name="Wait Until Page Contains Element" library="SeleniumLibrary">
<arg>${action}</arg>
<doc>Waits until the element ``locator`` appears on the current page.</doc>
<status status="PASS" starttime="20240101 16:08:54.629" endtime="20240101 16:08:54.664"/>
</kw>
<kw name="Click Element" library="SeleniumLibrary">
<arg>${action}</arg>
<doc>Click the element identified by ``locator``.</doc>
<msg timestamp="20240101 16:08:54.667" level="INFO">Clicking element '//select[@type='text' and @data-fieldname='action']//option[@value='Add a Class']'.</msg>
<status status="PASS" starttime="20240101 16:08:54.664" endtime="20240101 16:08:54.859"/>
</kw>
<kw name="Sleep" library="BuiltIn">
<arg>1</arg>
<doc>Pauses the test executed for the given time.</doc>
<msg timestamp="20240101 16:08:55.861" level="INFO">Slept 1 second</msg>
<status status="PASS" starttime="20240101 16:08:54.860" endtime="20240101 16:08:55.862"/>
</kw>
<kw name="Click Element" library="SeleniumLibrary">
<arg>${Default_Enrolled_status}</arg>
<doc>Click the element identified by ``locator``.</doc>
<msg timestamp="20240101 16:08:55.862" level="INFO">Clicking element '//*[@id='page-Mass Enrollment']/div[2]/div[2]/div/div[3]/div/div[1]/div[2]/div/div/div[2]/div[5]/div[2]/div/form/div[2]/div/div[2]/div[1]/div/div/input'.</msg>
<status status="PASS" starttime="20240101 16:08:55.862" endtime="20240101 16:08:56.016"/>
</kw>
<kw name="Wait Until Page Contains Element" library="SeleniumLibrary">
<arg>${Enrolled_status}</arg>
<doc>Waits until the element ``locator`` appears on the current page.</doc>
<status status="PASS" starttime="20240101 16:08:56.017" endtime="20240101 16:08:57.551"/>
</kw>
<kw name="Sleep" library="BuiltIn">
<arg>1</arg>
<doc>Pauses the test executed for the given time.</doc>
<msg timestamp="20240101 16:08:58.551" level="INFO">Slept 1 second</msg>
<status status="PASS" starttime="20240101 16:08:57.551" endtime="20240101 16:08:58.551"/>
</kw>
<kw name="Click Element" library="SeleniumLibrary">
<arg>${Enrolled_status}</arg>
<doc>Click the element identified by ``locator``.</doc>
<msg timestamp="20240101 16:08:58.551" level="INFO">Clicking element '//p[@title='Enrolled']'.</msg>
<status status="PASS" starttime="20240101 16:08:58.551" endtime="20240101 16:08:58.639"/>
</kw>
<kw name="Click Element" library="SeleniumLibrary">
<arg>${add_classes}</arg>
<doc>Click the element identified by ``locator``.</doc>
<msg timestamp="20240101 16:08:58.639" level="INFO">Clicking element '//label[normalize-space()='Classes']//following::button[normalize-space()='Add Row'][1]'.</msg>
<status status="PASS" starttime="20240101 16:08:58.639" endtime="20240101 16:08:58.748"/>
</kw>
<kw name="Wait Until Page Contains Element" library="SeleniumLibrary">
<arg>${select_class}</arg>
<doc>Waits until the element ``locator`` appears on the current page.</doc>
<status status="PASS" starttime="20240101 16:08:58.748" endtime="20240101 16:08:58.772"/>
</kw>
<kw name="Sleep" library="BuiltIn">
<arg>1</arg>
<doc>Pauses the test executed for the given time.</doc>
<msg timestamp="20240101 16:08:59.773" level="INFO">Slept 1 second</msg>
<status status="PASS" starttime="20240101 16:08:58.772" endtime="20240101 16:08:59.773"/>
</kw>
<kw name="Click Element" library="SeleniumLibrary">
<arg>${select_class}</arg>
<doc>Click the element identified by ``locator``.</doc>
<msg timestamp="20240101 16:08:59.773" level="INFO">Clicking element '(//div[@data-fieldname='class'])[2]'.</msg>
<status status="PASS" starttime="20240101 16:08:59.773" endtime="20240101 16:08:59.923"/>
</kw>
<kw name="Wait Until Page Contains Element" library="SeleniumLibrary">
<arg>(//input[@placeholder='Class'])[1]</arg>
<doc>Waits until the element ``locator`` appears on the current page.</doc>
<status status="PASS" starttime="20240101 16:08:59.924" endtime="20240101 16:08:59.953"/>
</kw>
<kw name="Input Text" library="SeleniumLibrary">
<arg>(//input[@placeholder='Class'])[1]</arg>
<arg>202410-انج 101-1-تمارين / عملي-117</arg>
<doc>Types the given ``text`` into the text field identified by ``locator``.</doc>
<msg timestamp="20240101 16:08:59.953" level="INFO">Typing text '202410-انج 101-1-تمارين / عملي-117' into text field '(//input[@placeholder='Class'])[1]'.</msg>
<status status="PASS" starttime="20240101 16:08:59.953" endtime="20240101 16:09:00.266"/>
</kw>
<kw name="Wait Until Page Contains Element" library="SeleniumLibrary">
<arg>${class_name}</arg>
<doc>Waits until the element ``locator`` appears on the current page.</doc>
<status status="PASS" starttime="20240101 16:09:00.266" endtime="20240101 16:09:02.485"/>
</kw>
<kw name="Click Element" library="SeleniumLibrary">
<arg>${class_name}</arg>
<doc>Click the element identified by ``locator``.</doc>
<msg timestamp="20240101 16:09:02.485" level="INFO">Clicking element '//p[@title='202410-انج 101-1-تمارين / عملي-117']'.</msg>
<status status="PASS" starttime="20240101 16:09:02.485" endtime="20240101 16:09:02.607"/>
</kw>
<kw name="Click Element" library="SeleniumLibrary">
<arg>${add_classes}</arg>
<doc>Click the element identified by ``locator``.</doc>
<msg timestamp="20240101 16:09:02.607" level="INFO">Clicking element '//label[normalize-space()='Classes']//following::button[normalize-space()='Add Row'][1]'.</msg>
<status status="PASS" starttime="20240101 16:09:02.607" endtime="20240101 16:09:02.746"/>
</kw>
<kw name="Wait Until Page Contains Element" library="SeleniumLibrary">
<arg>${select_class_2}</arg>
<doc>Waits until the element ``locator`` appears on the current page.</doc>
<status status="PASS" starttime="20240101 16:09:02.746" endtime="20240101 16:09:02.779"/>
</kw>
<kw name="Sleep" library="BuiltIn">
<arg>1</arg>
<doc>Pauses the test executed for the given time.</doc>
<msg timestamp="20240101 16:09:03.779" level="INFO">Slept 1 second</msg>
<status status="PASS" starttime="20240101 16:09:02.779" endtime="20240101 16:09:03.779"/>
</kw>
<kw name="Click Element" library="SeleniumLibrary">
<arg>${select_class_2}</arg>
<doc>Click the element identified by ``locator``.</doc>
<msg timestamp="20240101 16:09:03.782" level="INFO">Clicking element '(//div[@data-fieldname='class'])[4]'.</msg>
<status status="PASS" starttime="20240101 16:09:03.779" endtime="20240101 16:09:04.044"/>
</kw>
<kw name="Wait Until Page Contains Element" library="SeleniumLibrary">
<arg>(//input[@placeholder='Class'])[2]</arg>
<doc>Waits until the element ``locator`` appears on the current page.</doc>
<status status="PASS" starttime="20240101 16:09:04.044" endtime="20240101 16:09:04.071"/>
</kw>
<kw name="Input Text" library="SeleniumLibrary">
<arg>(//input[@placeholder='Class'])[2]</arg>
<arg>202410-انج 101-1-نظري-091</arg>
<doc>Types the given ``text`` into the text field identified by ``locator``.</doc>
<msg timestamp="20240101 16:09:04.073" level="INFO">Typing text '202410-انج 101-1-نظري-091' into text field '(//input[@placeholder='Class'])[2]'.</msg>
<status status="PASS" starttime="20240101 16:09:04.072" endtime="20240101 16:09:04.306"/>
</kw>
<kw name="Wait Until Page Contains Element" library="SeleniumLibrary">
<arg>${class_name_2}</arg>
<doc>Waits until the element ``locator`` appears on the current page.</doc>
<status status="PASS" starttime="20240101 16:09:04.306" endtime="20240101 16:09:05.224"/>
</kw>
<kw name="Click Element" library="SeleniumLibrary">
<arg>${class_name_2}</arg>
<doc>Click the element identified by ``locator``.</doc>
<msg timestamp="20240101 16:09:05.224" level="INFO">Clicking element '//p[@title='202410-انج 101-1-نظري-091']'.</msg>
<status status="PASS" starttime="20240101 16:09:05.224" endtime="20240101 16:09:05.342"/>
</kw>
<status status="PASS" starttime="20240101 16:08:49.015" endtime="20240101 16:09:05.342"/>
</kw>
<kw name="submmite forme" library="core">
<kw name="Execute Javascript" library="SeleniumLibrary">
<arg>window.scrollTo(0,0)</arg>
<doc>Executes the given JavaScript code with possible arguments.</doc>
<msg timestamp="20240101 16:09:05.348" level="INFO">Executing JavaScript:
window.scrollTo(0,0)
Without any arguments.</msg>
<status status="PASS" starttime="20240101 16:09:05.346" endtime="20240101 16:09:05.364"/>
</kw>
<kw name="Wait Until Page Contains Element" library="SeleniumLibrary">
<arg>${submmite_forme}</arg>
<doc>Waits until the element ``locator`` appears on the current page.</doc>
<status status="PASS" starttime="20240101 16:09:05.364" endtime="20240101 16:09:05.424"/>
</kw>
<kw name="Click Element" library="SeleniumLibrary">
<arg>${submmite_forme}</arg>
<doc>Click the element identified by ``locator``.</doc>
<msg timestamp="20240101 16:09:05.424" level="INFO">Clicking element '//*[@data-label='Save']'.</msg>
<status status="PASS" starttime="20240101 16:09:05.424" endtime="20240101 16:09:05.548"/>
</kw>
<status status="PASS" starttime="20240101 16:09:05.345" endtime="20240101 16:09:05.548"/>
</kw>
<status status="PASS" starttime="20240101 16:08:24.585" endtime="20240101 16:09:05.552"/>
</test>
<status status="PASS" starttime="20240101 16:08:23.776" endtime="20240101 16:09:05.557"/>
</suite>
<statistics>
<total>
<stat pass="1" fail="0" skip="0">All Tests</stat>
</total>
<tag>
</tag>
<suite>
<stat pass="1" fail="0" skip="0" id="s1" name="Test cases">Test cases</stat>
</suite>
</statistics>
<errors>
</errors>
</robot>
