<?xml version="1.0" encoding="UTF-8"?>
<robot generator="Robot 6.1 (Python 3.11.4 on win32)" generated="20231031 16:55:16.938" rpa="false" schemaversion="4">
<suite id="s1" name="Test cases" source="d:\CMP_CORE\Tests\Test_cases.robot">
<test id="s1-t1" name="Create class Enrollment" line="12">
<kw name="login by admin" library="core">
<kw name="Open Browser" library="SeleniumLibrary">
<arg>https://cmp.medadstg.com/login</arg>
<arg>browser=chrome</arg>
<doc>Opens a new browser instance to the optional ``url``.</doc>
<msg timestamp="20231031 16:55:17.118" level="INFO">Opening browser 'chrome' to base url 'https://cmp.medadstg.com/login'.</msg>
<msg timestamp="20231031 16:55:17.130" level="INFO">Executing: C:\Users\asaad\AppData\Local\Programs\Python\Python311\Lib\site-packages\selenium\webdriver\common\windows\selenium-manager.exe --browser chrome --output json</msg>
<status status="PASS" starttime="20231031 16:55:17.118" endtime="20231031 16:55:20.086"/>
</kw>
<kw name="Maximize Browser Window" library="SeleniumLibrary">
<doc>Maximizes current browser window.</doc>
<status status="PASS" starttime="20231031 16:55:20.086" endtime="20231031 16:55:20.236"/>
</kw>
<kw name="Wait Until Page Contains Element" library="SeleniumLibrary">
<arg>//input[@name="username"]</arg>
<arg>timeout=10s</arg>
<doc>Waits until the element ``locator`` appears on the current page.</doc>
<status status="PASS" starttime="20231031 16:55:20.236" endtime="20231031 16:55:20.258"/>
</kw>
<kw name="Input Text" library="SeleniumLibrary">
<arg>${username}</arg>
<arg>${username_value}</arg>
<doc>Types the given ``text`` into the text field identified by ``locator``.</doc>
<msg timestamp="20231031 16:55:20.259" level="INFO">Typing text 'saad' into text field '//input[@name='username']'.</msg>
<status status="PASS" starttime="20231031 16:55:20.258" endtime="20231031 16:55:20.447"/>
</kw>
<kw name="Input Text" library="SeleniumLibrary">
<arg>${password}</arg>
<arg>${password_value}</arg>
<doc>Types the given ``text`` into the text field identified by ``locator``.</doc>
<msg timestamp="20231031 16:55:20.448" level="INFO">Typing text 'Medad@123' into text field '//input[@name='password']'.</msg>
<status status="PASS" starttime="20231031 16:55:20.447" endtime="20231031 16:55:20.608"/>
</kw>
<kw name="Wait Until Page Contains Element" library="SeleniumLibrary">
<arg>${submit_button}</arg>
<arg>timeout=10s</arg>
<doc>Waits until the element ``locator`` appears on the current page.</doc>
<status status="PASS" starttime="20231031 16:55:20.608" endtime="20231031 16:55:20.761"/>
</kw>
<kw name="Click Element" library="SeleniumLibrary">
<arg>${submit_button}</arg>
<doc>Click the element identified by ``locator``.</doc>
<msg timestamp="20231031 16:55:20.762" level="INFO">Clicking element '//*[text()='submit']'.</msg>
<status status="PASS" starttime="20231031 16:55:20.761" endtime="20231031 16:55:20.949"/>
</kw>
<kw name="Wait Until Page Contains Element" library="SeleniumLibrary">
<arg>${avatar_Element}</arg>
<arg>timeout=10</arg>
<doc>Waits until the element ``locator`` appears on the current page.</doc>
<status status="PASS" starttime="20231031 16:55:20.950" endtime="20231031 16:55:24.426"/>
</kw>
<status status="PASS" starttime="20231031 16:55:17.117" endtime="20231031 16:55:24.426"/>
</kw>
<kw name="select Enrollment tap" library="core">
<kw name="Wait Until Page Contains Element" library="SeleniumLibrary">
<arg>${enrollment_Element}</arg>
<doc>Waits until the element ``locator`` appears on the current page.</doc>
<status status="PASS" starttime="20231031 16:55:24.427" endtime="20231031 16:55:25.550"/>
</kw>
<kw name="Sleep" library="BuiltIn">
<arg>2</arg>
<doc>Pauses the test executed for the given time.</doc>
<msg timestamp="20231031 16:55:27.552" level="INFO">Slept 2 seconds</msg>
<status status="PASS" starttime="20231031 16:55:25.550" endtime="20231031 16:55:27.553"/>
</kw>
<kw name="Click Element" library="SeleniumLibrary">
<arg>${enrollment_Element}</arg>
<doc>Click the element identified by ``locator``.</doc>
<msg timestamp="20231031 16:55:27.555" level="INFO">Clicking element '//a[@href='/app/enrollment']'.</msg>
<status status="PASS" starttime="20231031 16:55:27.554" endtime="20231031 16:55:27.647"/>
</kw>
<status status="PASS" starttime="20231031 16:55:24.426" endtime="20231031 16:55:27.647"/>
</kw>
<kw name="select class Enrollment doctype" library="core">
<kw name="Wait Until Page Contains Element" library="SeleniumLibrary">
<arg>${class_enrollment_Element}</arg>
<doc>Waits until the element ``locator`` appears on the current page.</doc>
<msg timestamp="20231031 16:55:32.800" level="INFO" html="true">&lt;/td&gt;&lt;/tr&gt;&lt;tr&gt;&lt;td colspan="3"&gt;&lt;a href="selenium-screenshot-1.png"&gt;&lt;img src="selenium-screenshot-1.png" width="800px"&gt;&lt;/a&gt;</msg>
<msg timestamp="20231031 16:55:32.801" level="FAIL">Element '//a[@href='/app/class-enrollment']' did not appear in 5 seconds.</msg>
<status status="FAIL" starttime="20231031 16:55:27.648" endtime="20231031 16:55:32.806"/>
</kw>
<kw name="Sleep" library="BuiltIn">
<arg>2</arg>
<doc>Pauses the test executed for the given time.</doc>
<status status="NOT RUN" starttime="20231031 16:55:32.807" endtime="20231031 16:55:32.807"/>
</kw>
<kw name="Click Element" library="SeleniumLibrary">
<arg>${class_enrollment_Element}</arg>
<doc>Click the element identified by ``locator``.</doc>
<status status="NOT RUN" starttime="20231031 16:55:32.807" endtime="20231031 16:55:32.807"/>
</kw>
<status status="FAIL" starttime="20231031 16:55:27.648" endtime="20231031 16:55:32.808"/>
</kw>
<kw name="press add button" library="core">
<status status="NOT RUN" starttime="20231031 16:55:32.809" endtime="20231031 16:55:32.809"/>
</kw>
<kw name="fill class Enrollment forme" library="core">
<status status="NOT RUN" starttime="20231031 16:55:32.809" endtime="20231031 16:55:32.810"/>
</kw>
<kw name="submmite forme" library="core">
<status status="NOT RUN" starttime="20231031 16:55:32.810" endtime="20231031 16:55:32.810"/>
</kw>
<kw name="Succfully submitt" library="core">
<status status="NOT RUN" starttime="20231031 16:55:32.811" endtime="20231031 16:55:32.811"/>
</kw>
<status status="FAIL" starttime="20231031 16:55:17.116" endtime="20231031 16:55:32.812">Element '//a[@href='/app/class-enrollment']' did not appear in 5 seconds.</status>
</test>
<status status="FAIL" starttime="20231031 16:55:16.944" endtime="20231031 16:55:32.815"/>
</suite>
<statistics>
<total>
<stat pass="0" fail="1" skip="0">All Tests</stat>
</total>
<tag>
</tag>
<suite>
<stat pass="0" fail="1" skip="0" id="s1" name="Test cases">Test cases</stat>
</suite>
</statistics>
<errors>
</errors>
</robot>
